<<<<<<< HEAD
[2025-10-24_10-02-34] ✅ data/2025-10-24/2025-10-24_10-02-34.csv
[2025-10-24_12-07-51] ✅ data/2025-10-24/2025-10-24_12-07-51.csv
[2025-10-24_12-24-43] ✅ data/2025-10-24/2025-10-24_12-24-43.csv
[2025-10-24_13-53-44] ✅ data/2025-10-24/2025-10-24_13-53-44.csv
[2025-10-24_14-00-43] ✅ data/2025-10-24/2025-10-24_14-00-43.csv
[2025-10-24_14-01-21] ✅ data/2025-10-24/2025-10-24_14-01-21.csv
[2025-10-24_14-10-27] ✅ data/2025-10-24/2025-10-24_14-10-27.csv
[2025-10-24_14-10-57] ✅ data/2025-10-24/2025-10-24_14-10-57.csv
[2025-10-24_14-12-18] ✅ data/2025-10-24/2025-10-24_14-12-18.csv
[2025-10-24_14-14-19] ✅ data/2025-10-24/2025-10-24_14-14-19.csv
[2025-10-24_14-16-20] ✅ data/2025-10-24/2025-10-24_14-16-20.csv
[2025-10-24_14-18-20] ✅ data/2025-10-24/2025-10-24_14-18-20.csv
[2025-10-24_14-20-21] ✅ data/2025-10-24/2025-10-24_14-20-21.csv
[2025-10-24_14-22-22] ✅ data/2025-10-24/2025-10-24_14-22-22.csv
[2025-10-24_14-24-22] ✅ data/2025-10-24/2025-10-24_14-24-22.csv
[2025-10-24_14-26-23] ✅ data/2025-10-24/2025-10-24_14-26-23.csv
[2025-10-24_14-28-24] ✅ data/2025-10-24/2025-10-24_14-28-24.csv
[2025-10-24_14-30-24] ✅ data/2025-10-24/2025-10-24_14-30-24.csv
[2025-10-24_14-32-25] ✅ data/2025-10-24/2025-10-24_14-32-25.csv
[2025-10-24_14-34-26] ✅ data/2025-10-24/2025-10-24_14-34-26.csv
[2025-10-24_14-36-26] ✅ data/2025-10-24/2025-10-24_14-36-26.csv
[2025-10-24_14-38-27] ✅ data/2025-10-24/2025-10-24_14-38-27.csv
[2025-10-24_14-40-27] ✅ data/2025-10-24/2025-10-24_14-40-27.csv
[2025-10-24_14-42-28] ✅ data/2025-10-24/2025-10-24_14-42-28.csv
[2025-10-24_14-44-29] ✅ data/2025-10-24/2025-10-24_14-44-29.csv
[2025-10-24_14-46-29] ✅ data/2025-10-24/2025-10-24_14-46-29.csv
[2025-10-24_14-48-30] ✅ data/2025-10-24/2025-10-24_14-48-30.csv
[2025-10-24_14-50-31] ✅ data/2025-10-24/2025-10-24_14-50-31.csv
[2025-10-24_14-52-31] ✅ data/2025-10-24/2025-10-24_14-52-31.csv
[2025-10-24_14-54-32] ✅ data/2025-10-24/2025-10-24_14-54-32.csv
[2025-10-24_14-56-33] ✅ data/2025-10-24/2025-10-24_14-56-33.csv
[2025-10-24_14-58-33] ✅ data/2025-10-24/2025-10-24_14-58-33.csv
[2025-10-24_15-00-34] ✅ data/2025-10-24/2025-10-24_15-00-34.csv
[2025-10-24_15-02-35] ✅ data/2025-10-24/2025-10-24_15-02-35.csv
[2025-10-24_15-04-35] ✅ data/2025-10-24/2025-10-24_15-04-35.csv
[2025-10-24_15-06-36] ✅ data/2025-10-24/2025-10-24_15-06-36.csv
[2025-10-24_15-07-15] ✅ data/2025-10-24/2025-10-24_15-07-15.csv
[2025-10-24_15-13-34] ✅ data/2025-10-24/2025-10-24_15-13-34.csv
[2025-10-24_15-15-36] ✅ data/2025-10-24/2025-10-24_15-15-36.csv
[2025-10-24_15-15-57] ✅ data/2025-10-24/2025-10-24_15-15-57.csv
[2025-10-24_15-17-37] ✅ data/2025-10-24/2025-10-24_15-17-37.csv
[2025-10-24_15-19-39] ✅ data/2025-10-24/2025-10-24_15-19-39.csv
[2025-10-24_15-21-41] ✅ data/2025-10-24/2025-10-24_15-21-41.csv
[2025-10-24_15-23-42] ✅ data/2025-10-24/2025-10-24_15-23-42.csv
[2025-10-24_15-25-44] ✅ data/2025-10-24/2025-10-24_15-25-44.csv
[2025-10-24_15-27-04] ✅ data/2025-10-24/2025-10-24_15-27-04.csv
[2025-10-24_15-27-14] ✅ data/2025-10-24/2025-10-24_15-27-14.csv
[2025-10-24_15-27-17] ✅ data/2025-10-24/2025-10-24_15-27-17.csv
[2025-10-24_15-29-28] ✅ data/2025-10-24/2025-10-24_15-29-28.csv
[2025-10-24_15-31-30] ✅ data/2025-10-24/2025-10-24_15-31-30.csv
[2025-10-24_15-33-31] ✅ data/2025-10-24/2025-10-24_15-33-31.csv
[2025-10-24_15-35-33] ✅ data/2025-10-24/2025-10-24_15-35-33.csv
[2025-10-24_15-37-35] ✅ data/2025-10-24/2025-10-24_15-37-35.csv
[2025-10-24_15-39-36] ✅ data/2025-10-24/2025-10-24_15-39-36.csv
[2025-10-24_15-41-38] ✅ data/2025-10-24/2025-10-24_15-41-38.csv
[2025-10-24_15-43-39] ✅ data/2025-10-24/2025-10-24_15-43-39.csv
[2025-10-24_15-45-41] ✅ data/2025-10-24/2025-10-24_15-45-41.csv
[2025-10-24_15-47-42] ✅ data/2025-10-24/2025-10-24_15-47-42.csv
[2025-10-24_15-49-44] ✅ data/2025-10-24/2025-10-24_15-49-44.csv
[2025-10-24_15-51-45] ✅ data/2025-10-24/2025-10-24_15-51-45.csv
[2025-10-24_15-57-42] ✅ data/2025-10-24/2025-10-24_15-57-42.csv
[2025-10-24_15-59-44] ✅ data/2025-10-24/2025-10-24_15-59-44.csv
[2025-10-24_16-01-45] ✅ data/2025-10-24/2025-10-24_16-01-45.csv
[2025-10-24_16-03-47] ✅ data/2025-10-24/2025-10-24_16-03-47.csv
[2025-10-24_16-05-48] ✅ data/2025-10-24/2025-10-24_16-05-48.csv
[2025-10-24_17-10-15] ✅ data/2025-10-24/2025-10-24_17-10-15.csv
[2025-10-24_17-12-17] ✅ data/2025-10-24/2025-10-24_17-12-17.csv
[2025-10-24_17-14-18] ✅ data/2025-10-24/2025-10-24_17-14-18.csv
[2025-10-24_17-16-20] ✅ data/2025-10-24/2025-10-24_17-16-20.csv
[2025-10-24_17-18-21] ✅ data/2025-10-24/2025-10-24_17-18-21.csv
[2025-10-24_17-20-23] ✅ data/2025-10-24/2025-10-24_17-20-23.csv
[2025-10-24_18-05-04] ✅ data/2025-10-24/2025-10-24_18-05-04.csv
[2025-10-24_18-07-06] ✅ data/2025-10-24/2025-10-24_18-07-06.csv
[2025-10-24_18-09-08] ✅ data/2025-10-24/2025-10-24_18-09-08.csv
[2025-10-24_18-11-09] ✅ data/2025-10-24/2025-10-24_18-11-09.csv
[2025-10-24_18-13-11] ✅ data/2025-10-24/2025-10-24_18-13-11.csv
[2025-10-24_18-15-12] ✅ data/2025-10-24/2025-10-24_18-15-12.csv
[2025-10-24_18-17-13] ✅ data/2025-10-24/2025-10-24_18-17-13.csv
[2025-10-24_18-19-15] ✅ data/2025-10-24/2025-10-24_18-19-15.csv
[2025-10-24_18-21-17] ✅ data/2025-10-24/2025-10-24_18-21-17.csv
[2025-10-24_18-23-18] ✅ data/2025-10-24/2025-10-24_18-23-18.csv
[2025-10-24_18-25-20] ✅ data/2025-10-24/2025-10-24_18-25-20.csv
[2025-10-24_18-27-21] ✅ data/2025-10-24/2025-10-24_18-27-21.csv
[2025-10-24_18-29-23] ✅ data/2025-10-24/2025-10-24_18-29-23.csv
[2025-10-24_18-31-24] ✅ data/2025-10-24/2025-10-24_18-31-24.csv
[2025-10-24_18-33-26] ✅ data/2025-10-24/2025-10-24_18-33-26.csv
[2025-10-24_18-35-27] ✅ data/2025-10-24/2025-10-24_18-35-27.csv
[2025-10-24_18-37-29] ✅ data/2025-10-24/2025-10-24_18-37-29.csv
[2025-10-24_18-39-30] ✅ data/2025-10-24/2025-10-24_18-39-30.csv
[2025-10-24_18-41-32] ✅ data/2025-10-24/2025-10-24_18-41-32.csv
[2025-10-24_18-43-33] ✅ data/2025-10-24/2025-10-24_18-43-33.csv
[2025-10-24_18-45-34] ✅ data/2025-10-24/2025-10-24_18-45-34.csv
[2025-10-24_18-47-36] ✅ data/2025-10-24/2025-10-24_18-47-36.csv
[2025-10-24_18-49-37] ✅ data/2025-10-24/2025-10-24_18-49-37.csv
[2025-10-24_18-51-38] ✅ data/2025-10-24/2025-10-24_18-51-38.csv
[2025-10-24_20-42-03] ✅ data/2025-10-24/2025-10-24_20-42-03.csv
[2025-10-24_20-44-05] ✅ data/2025-10-24/2025-10-24_20-44-05.csv
[2025-10-24_20-46-07] ✅ data/2025-10-24/2025-10-24_20-46-07.csv
[2025-10-24_20-48-08] ✅ data/2025-10-24/2025-10-24_20-48-08.csv
[2025-10-24_20-50-10] ✅ data/2025-10-24/2025-10-24_20-50-10.csv
[2025-10-24_20-52-12] ✅ data/2025-10-24/2025-10-24_20-52-12.csv
[2025-10-24_20-54-14] ✅ data/2025-10-24/2025-10-24_20-54-14.csv
[2025-10-24_20-56-16] ✅ data/2025-10-24/2025-10-24_20-56-16.csv
[2025-10-24_20-58-17] ✅ data/2025-10-24/2025-10-24_20-58-17.csv
[2025-10-24_21-00-19] ✅ data/2025-10-24/2025-10-24_21-00-19.csv
[2025-10-24_21-02-21] ✅ data/2025-10-24/2025-10-24_21-02-21.csv
[2025-10-24_21-04-22] ✅ data/2025-10-24/2025-10-24_21-04-22.csv
[2025-10-25_08-57-24] ✅ data/2025-10-25/2025-10-25_08-57-24.csv
[2025-10-25_08-59-26] ✅ data/2025-10-25/2025-10-25_08-59-26.csv
[2025-10-25_09-01-27] ✅ data/2025-10-25/2025-10-25_09-01-27.csv
[2025-10-25_09-03-29] ✅ data/2025-10-25/2025-10-25_09-03-29.csv
[2025-10-25_09-05-30] ✅ data/2025-10-25/2025-10-25_09-05-30.csv
[2025-10-25_09-07-32] ✅ data/2025-10-25/2025-10-25_09-07-32.csv
[2025-10-25_09-09-34] ✅ data/2025-10-25/2025-10-25_09-09-34.csv
[2025-10-25_09-11-35] ✅ data/2025-10-25/2025-10-25_09-11-35.csv
[2025-10-25_09-13-37] ✅ data/2025-10-25/2025-10-25_09-13-37.csv
[2025-10-25_09-15-38] ✅ data/2025-10-25/2025-10-25_09-15-38.csv
[2025-10-25_09-17-40] ✅ data/2025-10-25/2025-10-25_09-17-40.csv
[2025-10-25_09-21-51] ✅ data/2025-10-25/2025-10-25_09-21-51.csv
[2025-10-25_09-23-52] ✅ data/2025-10-25/2025-10-25_09-23-52.csv
[2025-10-25_09-25-54] ✅ data/2025-10-25/2025-10-25_09-25-54.csv
[2025-10-25_09-27-56] ✅ data/2025-10-25/2025-10-25_09-27-56.csv
[2025-10-25_09-29-57] ✅ data/2025-10-25/2025-10-25_09-29-57.csv
[2025-10-25_09-31-59] ✅ data/2025-10-25/2025-10-25_09-31-59.csv
[2025-10-25_09-34-00] ✅ data/2025-10-25/2025-10-25_09-34-00.csv
[2025-10-25_09-47-50] ✅ data/2025-10-25/2025-10-25_09-47-50.csv
[2025-10-25_09-49-52] ✅ data/2025-10-25/2025-10-25_09-49-52.csv
[2025-10-25_09-51-54] ✅ data/2025-10-25/2025-10-25_09-51-54.csv
[2025-10-25_09-53-55] ✅ data/2025-10-25/2025-10-25_09-53-55.csv
[2025-10-25_09-55-57] ✅ data/2025-10-25/2025-10-25_09-55-57.csv
[2025-10-25_09-57-58] ✅ data/2025-10-25/2025-10-25_09-57-58.csv
[2025-10-25_10-00-00] ✅ data/2025-10-25/2025-10-25_10-00-00.csv
[2025-10-25_10-02-01] ✅ data/2025-10-25/2025-10-25_10-02-01.csv
[2025-10-25_10-04-03] ✅ data/2025-10-25/2025-10-25_10-04-03.csv
[2025-10-25_10-06-04] ✅ data/2025-10-25/2025-10-25_10-06-04.csv
[2025-10-25_10-08-06] ✅ data/2025-10-25/2025-10-25_10-08-06.csv
[2025-10-25_10-10-07] ✅ data/2025-10-25/2025-10-25_10-10-07.csv
[2025-10-25_10-12-09] ✅ data/2025-10-25/2025-10-25_10-12-09.csv
[2025-10-25_10-14-10] ✅ data/2025-10-25/2025-10-25_10-14-10.csv
[2025-10-25_10-16-12] ✅ data/2025-10-25/2025-10-25_10-16-12.csv
[2025-10-25_10-50-17] ✅ data/2025-10-25/2025-10-25_10-50-17.csv
[2025-10-25_10-52-19] ✅ data/2025-10-25/2025-10-25_10-52-19.csv
[2025-10-25_10-54-20] ✅ data/2025-10-25/2025-10-25_10-54-20.csv
[2025-10-25_10-56-22] ✅ data/2025-10-25/2025-10-25_10-56-22.csv
[2025-10-25_10-58-23] ✅ data/2025-10-25/2025-10-25_10-58-23.csv
[2025-10-25_11-00-24] ✅ data/2025-10-25/2025-10-25_11-00-24.csv
[2025-10-25_11-02-26] ✅ data/2025-10-25/2025-10-25_11-02-26.csv
[2025-10-25_11-04-28] ✅ data/2025-10-25/2025-10-25_11-04-28.csv
[2025-10-25_11-06-29] ✅ data/2025-10-25/2025-10-25_11-06-29.csv
[2025-10-25_11-08-30] ✅ data/2025-10-25/2025-10-25_11-08-30.csv
[2025-10-25_11-10-32] ✅ data/2025-10-25/2025-10-25_11-10-32.csv
[2025-10-25_11-12-33] ✅ data/2025-10-25/2025-10-25_11-12-33.csv
[2025-10-25_11-21-50] ✅ data/2025-10-25/2025-10-25_11-21-50.csv
[2025-10-25_11-23-52] ✅ data/2025-10-25/2025-10-25_11-23-52.csv
[2025-10-25_11-25-53] ✅ data/2025-10-25/2025-10-25_11-25-53.csv
[2025-10-25_11-27-55] ✅ data/2025-10-25/2025-10-25_11-27-55.csv
[2025-10-25_11-29-56] ✅ data/2025-10-25/2025-10-25_11-29-56.csv
[2025-10-25_11-31-58] ✅ data/2025-10-25/2025-10-25_11-31-58.csv
[2025-10-25_11-33-59] ✅ data/2025-10-25/2025-10-25_11-33-59.csv
[2025-10-25_11-36-01] ✅ data/2025-10-25/2025-10-25_11-36-01.csv
[2025-10-25_11-38-02] ✅ data/2025-10-25/2025-10-25_11-38-02.csv
[2025-10-25_11-40-04] ✅ data/2025-10-25/2025-10-25_11-40-04.csv
[2025-10-25_11-42-06] ✅ data/2025-10-25/2025-10-25_11-42-06.csv
[2025-10-25_11-44-07] ✅ data/2025-10-25/2025-10-25_11-44-07.csv
[2025-10-25_11-46-09] ✅ data/2025-10-25/2025-10-25_11-46-09.csv
[2025-10-25_11-48-10] ✅ data/2025-10-25/2025-10-25_11-48-10.csv
[2025-10-25_11-50-11] ✅ data/2025-10-25/2025-10-25_11-50-11.csv
[2025-10-25_11-52-13] ✅ data/2025-10-25/2025-10-25_11-52-13.csv
=======
[2025-10-25_11-59-59] ✅ data\2025-10-25\2025-10-25_11-59-59.csv
[2025-10-25_12-01-40] OK data\2025-10-25\2025-10-25_12-01-40.csv
[2025-10-25_12-03-42] OK data\2025-10-25\2025-10-25_12-03-42.csv
[2025-10-25_12-04-10] OK data\2025-10-25\2025-10-25_12-04-10.csv
[2025-10-25_12-08-40] OK data\2025-10-25\2025-10-25_12-08-40.csv
[2025-10-25_12-10-44] OK data\2025-10-25\2025-10-25_12-10-44.csv
[2025-10-25_12-12-47] OK data\2025-10-25\2025-10-25_12-12-47.csv
[2025-10-25_12-14-51] OK data\2025-10-25\2025-10-25_12-14-51.csv
[2025-10-25_12-16-54] OK data\2025-10-25\2025-10-25_12-16-54.csv
>>>>>>> master
[2025-10-25_12-31-11] OK data\2025-10-25\2025-10-25_12-31-11.csv
[2025-10-25_12-33-14] OK data\2025-10-25\2025-10-25_12-33-14.csv
[2025-10-25_12-35-16] OK data\2025-10-25\2025-10-25_12-35-16.csv
[2025-10-25_12-37-17] OK data\2025-10-25\2025-10-25_12-37-17.csv
[2025-10-25_12-37-42] OK data\2025-10-25\2025-10-25_12-37-42.csv
[2025-10-25 12:37:43] PUSH_OK vers GitHub (main)
[2025-10-25_12-39-46] OK data\2025-10-25\2025-10-25_12-39-46.csv
[2025-10-25 12:39:47] PUSH_OK vers GitHub (main)
[2025-10-25_12-41-50] OK data\2025-10-25\2025-10-25_12-41-50.csv
[2025-10-25 12:41:50] PUSH_OK vers GitHub (main)
[2025-10-25_12-43-53] OK data\2025-10-25\2025-10-25_12-43-53.csv
[2025-10-25 12:44:01] PUSH_OK vers GitHub (main)
[2025-10-25_12-47-36] OK data\2025-10-25\2025-10-25_12-47-36.csv
[2025-10-25 12:47:36] PUSH_OK vers GitHub (main)
[2025-10-25_12-49-39] OK data\2025-10-25\2025-10-25_12-49-39.csv
[2025-10-25 12:49:40] PUSH_OK vers GitHub (main)
[2025-10-25_12-51-43] OK data\2025-10-25\2025-10-25_12-51-43.csv
[2025-10-25 12:51:44] PUSH_OK vers GitHub (main)
[2025-10-25_12-53-46] OK data\2025-10-25\2025-10-25_12-53-46.csv
[2025-10-25 12:53:47] PUSH_OK vers GitHub (main)
[2025-10-25_12-55-50] OK data\2025-10-25\2025-10-25_12-55-50.csv
[2025-10-25 12:55:50] PUSH_OK vers GitHub (main)
[2025-10-25_12-57-53] OK data\2025-10-25\2025-10-25_12-57-53.csv
[2025-10-25 12:57:54] PUSH_OK vers GitHub (main)
[2025-10-25_12-59-57] OK data\2025-10-25\2025-10-25_12-59-57.csv
[2025-10-25 12:59:57] PUSH_OK vers GitHub (main)
[2025-10-25_13-02-00] OK data\2025-10-25\2025-10-25_13-02-00.csv
[2025-10-25 13:02:01] PUSH_OK vers GitHub (main)
[2025-10-25_13-04-04] OK data\2025-10-25\2025-10-25_13-04-04.csv
[2025-10-25 13:04:04] PUSH_OK vers GitHub (main)
[2025-10-25_13-06-07] OK data\2025-10-25\2025-10-25_13-06-07.csv
[2025-10-25 13:06:08] PUSH_OK vers GitHub (main)
[2025-10-25_13-08-10] OK data\2025-10-25\2025-10-25_13-08-10.csv
[2025-10-25 13:08:11] PUSH_OK vers GitHub (main)
[2025-10-25_13-10-14] OK data\2025-10-25\2025-10-25_13-10-14.csv
[2025-10-25 13:10:14] PUSH_OK vers GitHub (main)
[2025-10-25_13-12-17] OK data\2025-10-25\2025-10-25_13-12-17.csv
[2025-10-25 13:12:18] PUSH_OK vers GitHub (main)
[2025-10-25_13-14-21] OK data\2025-10-25\2025-10-25_13-14-21.csv
[2025-10-25 13:14:21] PUSH_OK vers GitHub (main)
[2025-10-25_13-16-24] OK data\2025-10-25\2025-10-25_13-16-24.csv
[2025-10-25 13:16:25] PUSH_OK vers GitHub (main)
[2025-10-25_13-18-27] OK data\2025-10-25\2025-10-25_13-18-27.csv
[2025-10-25 13:18:28] PUSH_OK vers GitHub (main)
[2025-10-25_13-20-31] OK data\2025-10-25\2025-10-25_13-20-31.csv
[2025-10-25 13:20:31] PUSH_OK vers GitHub (main)
[2025-10-25_13-22-34] OK data\2025-10-25\2025-10-25_13-22-34.csv
[2025-10-25 13:22:35] PUSH_OK vers GitHub (main)
[2025-10-25_13-24-38] OK data\2025-10-25\2025-10-25_13-24-38.csv
[2025-10-25 13:24:38] PUSH_OK vers GitHub (main)
[2025-10-25_13-26-41] OK data\2025-10-25\2025-10-25_13-26-41.csv
[2025-10-25 13:26:42] PUSH_OK vers GitHub (main)
[2025-10-25_13-28-44] OK data\2025-10-25\2025-10-25_13-28-44.csv
[2025-10-25 13:28:45] PUSH_OK vers GitHub (main)
[2025-10-25_13-30-48] OK data\2025-10-25\2025-10-25_13-30-48.csv
[2025-10-25 13:30:48] PUSH_OK vers GitHub (main)
[2025-10-25_13-32-51] OK data\2025-10-25\2025-10-25_13-32-51.csv
[2025-10-25 13:32:52] PUSH_OK vers GitHub (main)
[2025-10-25_13-34-55] OK data\2025-10-25\2025-10-25_13-34-55.csv
[2025-10-25 13:34:55] PUSH_OK vers GitHub (main)
[2025-10-25_13-36-58] OK data\2025-10-25\2025-10-25_13-36-58.csv
[2025-10-25 13:36:59] PUSH_OK vers GitHub (main)
[2025-10-25_13-39-01] OK data\2025-10-25\2025-10-25_13-39-01.csv
[2025-10-25 13:39:02] PUSH_OK vers GitHub (main)
[2025-10-25_13-41-05] OK data\2025-10-25\2025-10-25_13-41-05.csv
[2025-10-25 13:41:05] PUSH_OK vers GitHub (main)
[2025-10-25_13-43-08] OK data\2025-10-25\2025-10-25_13-43-08.csv
[2025-10-25 13:43:09] PUSH_OK vers GitHub (main)
[2025-10-25_13-45-12] OK data\2025-10-25\2025-10-25_13-45-12.csv
[2025-10-25 13:45:12] PUSH_OK vers GitHub (main)
[2025-10-25_13-47-15] OK data\2025-10-25\2025-10-25_13-47-15.csv
[2025-10-25 13:47:16] PUSH_OK vers GitHub (main)
[2025-10-25_13-49-18] OK data\2025-10-25\2025-10-25_13-49-18.csv
[2025-10-25 13:49:19] PUSH_OK vers GitHub (main)
[2025-10-25_13-51-22] OK data\2025-10-25\2025-10-25_13-51-22.csv
[2025-10-25 13:51:22] PUSH_OK vers GitHub (main)
[2025-10-25_13-53-25] OK data\2025-10-25\2025-10-25_13-53-25.csv
[2025-10-25 13:53:26] PUSH_OK vers GitHub (main)
[2025-10-25_13-55-28] OK data\2025-10-25\2025-10-25_13-55-28.csv
[2025-10-25 13:55:29] PUSH_OK vers GitHub (main)
[2025-10-25_13-57-32] OK data\2025-10-25\2025-10-25_13-57-32.csv
[2025-10-25 13:57:32] PUSH_OK vers GitHub (main)
[2025-10-25_13-59-35] OK data\2025-10-25\2025-10-25_13-59-35.csv
[2025-10-25 13:59:36] PUSH_OK vers GitHub (main)
[2025-10-25_14-01-38] OK data\2025-10-25\2025-10-25_14-01-38.csv
[2025-10-25 14:01:39] PUSH_OK vers GitHub (main)
[2025-10-25_14-03-41] OK data\2025-10-25\2025-10-25_14-03-41.csv
[2025-10-25 14:03:42] PUSH_OK vers GitHub (main)
[2025-10-25_14-05-45] OK data\2025-10-25\2025-10-25_14-05-45.csv
[2025-10-25 14:05:45] PUSH_OK vers GitHub (main)
[2025-10-25_14-07-48] OK data\2025-10-25\2025-10-25_14-07-48.csv
[2025-10-25 14:07:49] PUSH_OK vers GitHub (main)
[2025-10-25_14-09-51] OK data\2025-10-25\2025-10-25_14-09-51.csv
[2025-10-25 14:09:52] PUSH_OK vers GitHub (main)
[2025-10-25_14-11-55] OK data\2025-10-25\2025-10-25_14-11-55.csv
[2025-10-25 14:11:55] PUSH_OK vers GitHub (main)
[2025-10-25_14-13-58] OK data\2025-10-25\2025-10-25_14-13-58.csv
[2025-10-25 14:13:59] PUSH_OK vers GitHub (main)
[2025-10-25_14-16-02] OK data\2025-10-25\2025-10-25_14-16-02.csv
[2025-10-25 14:16:02] PUSH_OK vers GitHub (main)
[2025-10-25_14-18-05] OK data\2025-10-25\2025-10-25_14-18-05.csv
[2025-10-25 14:18:06] PUSH_OK vers GitHub (main)
[2025-10-25_14-20-08] OK data\2025-10-25\2025-10-25_14-20-08.csv
[2025-10-25 14:20:09] PUSH_OK vers GitHub (main)
[2025-10-25_14-22-12] OK data\2025-10-25\2025-10-25_14-22-12.csv
[2025-10-25 14:22:12] PUSH_OK vers GitHub (main)
[2025-10-25_14-24-15] OK data\2025-10-25\2025-10-25_14-24-15.csv
[2025-10-25 14:24:16] PUSH_OK vers GitHub (main)
[2025-10-25_14-26-18] OK data\2025-10-25\2025-10-25_14-26-18.csv
[2025-10-25 14:26:19] PUSH_OK vers GitHub (main)
[2025-10-25_14-28-22] OK data\2025-10-25\2025-10-25_14-28-22.csv
[2025-10-25 14:28:22] PUSH_OK vers GitHub (main)
[2025-10-25_14-30-25] OK data\2025-10-25\2025-10-25_14-30-25.csv
[2025-10-25 14:30:26] PUSH_OK vers GitHub (main)
[2025-10-25_14-32-28] OK data\2025-10-25\2025-10-25_14-32-28.csv
[2025-10-25 14:32:29] PUSH_OK vers GitHub (main)
[2025-10-25_14-34-32] OK data\2025-10-25\2025-10-25_14-34-32.csv
[2025-10-25 14:34:32] PUSH_OK vers GitHub (main)
[2025-10-25_14-36-35] OK data\2025-10-25\2025-10-25_14-36-35.csv
[2025-10-25 14:36:35] PUSH_OK vers GitHub (main)
[2025-10-25_14-38-38] OK data\2025-10-25\2025-10-25_14-38-38.csv
[2025-10-25 14:38:39] PUSH_OK vers GitHub (main)
[2025-10-25_14-40-42] OK data\2025-10-25\2025-10-25_14-40-42.csv
[2025-10-25 14:40:42] PUSH_OK vers GitHub (main)
[2025-10-25_14-42-45] OK data\2025-10-25\2025-10-25_14-42-45.csv
[2025-10-25 14:42:45] PUSH_OK vers GitHub (main)
[2025-10-25_14-44-48] OK data\2025-10-25\2025-10-25_14-44-48.csv
[2025-10-25 14:44:49] PUSH_OK vers GitHub (main)
[2025-10-25_14-46-51] OK data\2025-10-25\2025-10-25_14-46-51.csv
[2025-10-25 14:46:52] PUSH_OK vers GitHub (main)
[2025-10-25_14-48-54] OK data\2025-10-25\2025-10-25_14-48-54.csv
[2025-10-25 14:48:55] PUSH_OK vers GitHub (main)
[2025-10-25_14-50-58] OK data\2025-10-25\2025-10-25_14-50-58.csv
[2025-10-25 14:50:58] PUSH_OK vers GitHub (main)
[2025-10-25_14-53-01] OK data\2025-10-25\2025-10-25_14-53-01.csv
[2025-10-25 14:53:02] PUSH_OK vers GitHub (main)
[2025-10-25_14-55-04] OK data\2025-10-25\2025-10-25_14-55-04.csv
[2025-10-25 14:55:05] PUSH_OK vers GitHub (main)
[2025-10-25_14-57-08] OK data\2025-10-25\2025-10-25_14-57-08.csv
[2025-10-25 14:57:08] PUSH_OK vers GitHub (main)
[2025-10-25_14-59-11] OK data\2025-10-25\2025-10-25_14-59-11.csv
[2025-10-25 14:59:12] PUSH_OK vers GitHub (main)
[2025-10-25_15-01-14] OK data\2025-10-25\2025-10-25_15-01-14.csv
[2025-10-25 15:01:15] PUSH_OK vers GitHub (main)
[2025-10-25_15-03-18] OK data\2025-10-25\2025-10-25_15-03-18.csv
[2025-10-25 15:03:18] PUSH_OK vers GitHub (main)
[2025-10-25_15-05-21] OK data\2025-10-25\2025-10-25_15-05-21.csv
[2025-10-25 15:05:21] PUSH_OK vers GitHub (main)
[2025-10-25_15-07-24] OK data\2025-10-25\2025-10-25_15-07-24.csv
[2025-10-25 15:07:25] PUSH_OK vers GitHub (main)
[2025-10-25_15-09-28] OK data\2025-10-25\2025-10-25_15-09-28.csv
[2025-10-25 15:09:28] PUSH_OK vers GitHub (main)
[2025-10-25_15-11-31] OK data\2025-10-25\2025-10-25_15-11-31.csv
[2025-10-25 15:11:31] PUSH_OK vers GitHub (main)
[2025-10-25_15-13-34] OK data\2025-10-25\2025-10-25_15-13-34.csv
[2025-10-25 15:13:35] PUSH_OK vers GitHub (main)
[2025-10-25_15-15-38] OK data\2025-10-25\2025-10-25_15-15-38.csv
[2025-10-25 15:15:38] PUSH_OK vers GitHub (main)
[2025-10-25_15-17-41] OK data\2025-10-25\2025-10-25_15-17-41.csv
[2025-10-25 15:17:42] PUSH_OK vers GitHub (main)
[2025-10-25_15-19-45] OK data\2025-10-25\2025-10-25_15-19-45.csv
[2025-10-25 15:19:45] PUSH_OK vers GitHub (main)
[2025-10-25_15-21-48] OK data\2025-10-25\2025-10-25_15-21-48.csv
[2025-10-25 15:21:48] PUSH_OK vers GitHub (main)
[2025-10-25_15-23-51] OK data\2025-10-25\2025-10-25_15-23-51.csv
[2025-10-25 15:23:52] PUSH_OK vers GitHub (main)
[2025-10-25_15-25-54] OK data\2025-10-25\2025-10-25_15-25-54.csv
[2025-10-25 15:25:55] PUSH_OK vers GitHub (main)
[2025-10-25_15-27-57] OK data\2025-10-25\2025-10-25_15-27-57.csv
[2025-10-25 15:27:58] PUSH_OK vers GitHub (main)
[2025-10-25_15-30-01] OK data\2025-10-25\2025-10-25_15-30-01.csv
[2025-10-25 15:30:01] PUSH_OK vers GitHub (main)
[2025-10-25_15-32-04] OK data\2025-10-25\2025-10-25_15-32-04.csv
[2025-10-25 15:32:05] PUSH_OK vers GitHub (main)
[2025-10-25_15-34-07] OK data\2025-10-25\2025-10-25_15-34-07.csv
[2025-10-25 15:34:08] PUSH_OK vers GitHub (main)
[2025-10-25_15-36-11] OK data\2025-10-25\2025-10-25_15-36-11.csv
[2025-10-25 15:36:11] PUSH_OK vers GitHub (main)
[2025-10-25_15-38-14] OK data\2025-10-25\2025-10-25_15-38-14.csv
[2025-10-25 15:38:15] PUSH_OK vers GitHub (main)
[2025-10-25_15-40-17] OK data\2025-10-25\2025-10-25_15-40-17.csv
[2025-10-25 15:40:18] PUSH_OK vers GitHub (main)
[2025-10-25_15-42-21] OK data\2025-10-25\2025-10-25_15-42-21.csv
[2025-10-25 15:42:21] PUSH_OK vers GitHub (main)
[2025-10-25_15-44-24] OK data\2025-10-25\2025-10-25_15-44-24.csv
[2025-10-25 15:44:26] PUSH_OK vers GitHub (main)
[2025-10-25_15-46-29] OK data\2025-10-25\2025-10-25_15-46-29.csv
[2025-10-25 15:46:29] PUSH_OK vers GitHub (main)
[2025-10-25_15-48-32] OK data\2025-10-25\2025-10-25_15-48-32.csv
[2025-10-25 15:48:32] PUSH_OK vers GitHub (main)
[2025-10-25_15-50-35] OK data\2025-10-25\2025-10-25_15-50-35.csv
[2025-10-25 15:50:36] PUSH_OK vers GitHub (main)
[2025-10-25_15-52-38] OK data\2025-10-25\2025-10-25_15-52-38.csv
[2025-10-25 15:52:39] PUSH_OK vers GitHub (main)
[2025-10-25_15-54-42] OK data\2025-10-25\2025-10-25_15-54-42.csv
[2025-10-25 15:54:42] PUSH_OK vers GitHub (main)
[2025-10-25_15-56-45] OK data\2025-10-25\2025-10-25_15-56-45.csv
[2025-10-25 15:56:46] PUSH_OK vers GitHub (main)
[2025-10-25_15-58-49] OK data\2025-10-25\2025-10-25_15-58-49.csv
